Start testing: Jun 21 19:07 W. Europe Daylight Time
----------------------------------------------------------
1/6 Testing: BinderTest.StartCaptureCreatesAxisBinding
1/6 Test: BinderTest.StartCaptureCreatesAxisBinding
Command: "C:/Software/GitHub/PiSubmarine/Input.Fake/out/build/windows-msvc-debug/test/PiSubmarine.Input.Fake.Test.exe" "--gtest_filter=BinderTest.StartCaptureCreatesAxisBinding" "--gtest_also_run_disabled_tests"
Directory: C:/Software/GitHub/PiSubmarine/Input.Fake/out/build/windows-msvc-debug/test
"BinderTest.StartCaptureCreatesAxisBinding" start time: Jun 21 19:07 W. Europe Daylight Time
Output:
----------------------------------------------------------
Running main() from C:\vcpkg\buildtrees\gtest\src\v1.17.0-0c449efaff.clean\googletest\src\gtest_main.cc
Note: Google Test filter = BinderTest.StartCaptureCreatesAxisBinding
[==========] Running 1 test from 1 test suite.
[----------] Global test environment set-up.
[----------] 1 test from BinderTest
[ RUN      ] BinderTest.StartCaptureCreatesAxisBinding
[       OK ] BinderTest.StartCaptureCreatesAxisBinding (0 ms)
[----------] 1 test from BinderTest (0 ms total)

[----------] Global test environment tear-down
[==========] 1 test from 1 test suite ran. (0 ms total)
[  PASSED  ] 1 test.
<end of output>
Test time =   0.01 sec
----------------------------------------------------------
Test Passed.
"BinderTest.StartCaptureCreatesAxisBinding" end time: Jun 21 19:07 W. Europe Daylight Time
"BinderTest.StartCaptureCreatesAxisBinding" time elapsed: 00:00:00
----------------------------------------------------------

2/6 Testing: BinderTest.StartCaptureCreatesKeyBinding
2/6 Test: BinderTest.StartCaptureCreatesKeyBinding
Command: "C:/Software/GitHub/PiSubmarine/Input.Fake/out/build/windows-msvc-debug/test/PiSubmarine.Input.Fake.Test.exe" "--gtest_filter=BinderTest.StartCaptureCreatesKeyBinding" "--gtest_also_run_disabled_tests"
Directory: C:/Software/GitHub/PiSubmarine/Input.Fake/out/build/windows-msvc-debug/test
"BinderTest.StartCaptureCreatesKeyBinding" start time: Jun 21 19:07 W. Europe Daylight Time
Output:
----------------------------------------------------------
Running main() from C:\vcpkg\buildtrees\gtest\src\v1.17.0-0c449efaff.clean\googletest\src\gtest_main.cc
Note: Google Test filter = BinderTest.StartCaptureCreatesKeyBinding
[==========] Running 1 test from 1 test suite.
[----------] Global test environment set-up.
[----------] 1 test from BinderTest
[ RUN      ] BinderTest.StartCaptureCreatesKeyBinding
[       OK ] BinderTest.StartCaptureCreatesKeyBinding (0 ms)
[----------] 1 test from BinderTest (0 ms total)

[----------] Global test environment tear-down
[==========] 1 test from 1 test suite ran. (0 ms total)
[  PASSED  ] 1 test.
<end of output>
Test time =   0.00 sec
----------------------------------------------------------
Test Passed.
"BinderTest.StartCaptureCreatesKeyBinding" end time: Jun 21 19:07 W. Europe Daylight Time
"BinderTest.StartCaptureCreatesKeyBinding" time elapsed: 00:00:00
----------------------------------------------------------

3/6 Testing: ManagerTest.CreateAxisProducesNormalizedValue
3/6 Test: ManagerTest.CreateAxisProducesNormalizedValue
Command: "C:/Software/GitHub/PiSubmarine/Input.Fake/out/build/windows-msvc-debug/test/PiSubmarine.Input.Fake.Test.exe" "--gtest_filter=ManagerTest.CreateAxisProducesNormalizedValue" "--gtest_also_run_disabled_tests"
Directory: C:/Software/GitHub/PiSubmarine/Input.Fake/out/build/windows-msvc-debug/test
"ManagerTest.CreateAxisProducesNormalizedValue" start time: Jun 21 19:07 W. Europe Daylight Time
Output:
----------------------------------------------------------
Running main() from C:\vcpkg\buildtrees\gtest\src\v1.17.0-0c449efaff.clean\googletest\src\gtest_main.cc
Note: Google Test filter = ManagerTest.CreateAxisProducesNormalizedValue
[==========] Running 1 test from 1 test suite.
[----------] Global test environment set-up.
[----------] 1 test from ManagerTest
[ RUN      ] ManagerTest.CreateAxisProducesNormalizedValue
[       OK ] ManagerTest.CreateAxisProducesNormalizedValue (0 ms)
[----------] 1 test from ManagerTest (0 ms total)

[----------] Global test environment tear-down
[==========] 1 test from 1 test suite ran. (0 ms total)
[  PASSED  ] 1 test.
<end of output>
Test time =   0.00 sec
----------------------------------------------------------
Test Passed.
"ManagerTest.CreateAxisProducesNormalizedValue" end time: Jun 21 19:07 W. Europe Daylight Time
"ManagerTest.CreateAxisProducesNormalizedValue" time elapsed: 00:00:00
----------------------------------------------------------

4/6 Testing: ManagerTest.CreateKeyProducesValidKeyState
4/6 Test: ManagerTest.CreateKeyProducesValidKeyState
Command: "C:/Software/GitHub/PiSubmarine/Input.Fake/out/build/windows-msvc-debug/test/PiSubmarine.Input.Fake.Test.exe" "--gtest_filter=ManagerTest.CreateKeyProducesValidKeyState" "--gtest_also_run_disabled_tests"
Directory: C:/Software/GitHub/PiSubmarine/Input.Fake/out/build/windows-msvc-debug/test
"ManagerTest.CreateKeyProducesValidKeyState" start time: Jun 21 19:07 W. Europe Daylight Time
Output:
----------------------------------------------------------
Running main() from C:\vcpkg\buildtrees\gtest\src\v1.17.0-0c449efaff.clean\googletest\src\gtest_main.cc
Note: Google Test filter = ManagerTest.CreateKeyProducesValidKeyState
[==========] Running 1 test from 1 test suite.
[----------] Global test environment set-up.
[----------] 1 test from ManagerTest
[ RUN      ] ManagerTest.CreateKeyProducesValidKeyState
[       OK ] ManagerTest.CreateKeyProducesValidKeyState (0 ms)
[----------] 1 test from ManagerTest (0 ms total)

[----------] Global test environment tear-down
[==========] 1 test from 1 test suite ran. (0 ms total)
[  PASSED  ] 1 test.
<end of output>
Test time =   0.01 sec
----------------------------------------------------------
Test Passed.
"ManagerTest.CreateKeyProducesValidKeyState" end time: Jun 21 19:07 W. Europe Daylight Time
"ManagerTest.CreateKeyProducesValidKeyState" time elapsed: 00:00:00
----------------------------------------------------------

5/6 Testing: SerializerTest.AxisBindingRoundTripPreservesData
5/6 Test: SerializerTest.AxisBindingRoundTripPreservesData
Command: "C:/Software/GitHub/PiSubmarine/Input.Fake/out/build/windows-msvc-debug/test/PiSubmarine.Input.Fake.Test.exe" "--gtest_filter=SerializerTest.AxisBindingRoundTripPreservesData" "--gtest_also_run_disabled_tests"
Directory: C:/Software/GitHub/PiSubmarine/Input.Fake/out/build/windows-msvc-debug/test
"SerializerTest.AxisBindingRoundTripPreservesData" start time: Jun 21 19:07 W. Europe Daylight Time
Output:
----------------------------------------------------------
Running main() from C:\vcpkg\buildtrees\gtest\src\v1.17.0-0c449efaff.clean\googletest\src\gtest_main.cc
Note: Google Test filter = SerializerTest.AxisBindingRoundTripPreservesData
[==========] Running 1 test from 1 test suite.
[----------] Global test environment set-up.
[----------] 1 test from SerializerTest
[ RUN      ] SerializerTest.AxisBindingRoundTripPreservesData
[       OK ] SerializerTest.AxisBindingRoundTripPreservesData (0 ms)
[----------] 1 test from SerializerTest (0 ms total)

[----------] Global test environment tear-down
[==========] 1 test from 1 test suite ran. (0 ms total)
[  PASSED  ] 1 test.
<end of output>
Test time =   0.01 sec
----------------------------------------------------------
Test Passed.
"SerializerTest.AxisBindingRoundTripPreservesData" end time: Jun 21 19:07 W. Europe Daylight Time
"SerializerTest.AxisBindingRoundTripPreservesData" time elapsed: 00:00:00
----------------------------------------------------------

6/6 Testing: SerializerTest.KeyBindingRoundTripPreservesData
6/6 Test: SerializerTest.KeyBindingRoundTripPreservesData
Command: "C:/Software/GitHub/PiSubmarine/Input.Fake/out/build/windows-msvc-debug/test/PiSubmarine.Input.Fake.Test.exe" "--gtest_filter=SerializerTest.KeyBindingRoundTripPreservesData" "--gtest_also_run_disabled_tests"
Directory: C:/Software/GitHub/PiSubmarine/Input.Fake/out/build/windows-msvc-debug/test
"SerializerTest.KeyBindingRoundTripPreservesData" start time: Jun 21 19:07 W. Europe Daylight Time
Output:
----------------------------------------------------------
Running main() from C:\vcpkg\buildtrees\gtest\src\v1.17.0-0c449efaff.clean\googletest\src\gtest_main.cc
Note: Google Test filter = SerializerTest.KeyBindingRoundTripPreservesData
[==========] Running 1 test from 1 test suite.
[----------] Global test environment set-up.
[----------] 1 test from SerializerTest
[ RUN      ] SerializerTest.KeyBindingRoundTripPreservesData
[       OK ] SerializerTest.KeyBindingRoundTripPreservesData (0 ms)
[----------] 1 test from SerializerTest (0 ms total)

[----------] Global test environment tear-down
[==========] 1 test from 1 test suite ran. (0 ms total)
[  PASSED  ] 1 test.
<end of output>
Test time =   0.00 sec
----------------------------------------------------------
Test Passed.
"SerializerTest.KeyBindingRoundTripPreservesData" end time: Jun 21 19:07 W. Europe Daylight Time
"SerializerTest.KeyBindingRoundTripPreservesData" time elapsed: 00:00:00
----------------------------------------------------------

End testing: Jun 21 19:07 W. Europe Daylight Time
